<?xml version="1.0" encoding="UTF-8"?>
<testng-results ignored="0" total="1" passed="1" failed="0" skipped="0">
  <reporter-output>
  </reporter-output>
  <suite started-at="2024-11-22T02:57:00 IST" name="Suite" finished-at="2024-11-22T02:57:08 IST" duration-ms="8068">
    <groups>
    </groups>
    <test started-at="2024-11-22T02:57:00 IST" name="Test" finished-at="2024-11-22T02:57:08 IST" duration-ms="8068">
      <class name="testCases.TC_001_AccountRegistrationTest">
        <test-method is-config="true" signature="setUp(java.lang.String,java.lang.String)[pri:0, instance:testCases.TC_001_AccountRegistrationTest@51fadaff]" started-at="2024-11-22T02:57:00 IST" name="setUp" finished-at="2024-11-22T02:57:04 IST" duration-ms="3734" status="PASS">
          <params>
            <param index="0">
              <value>
                <![CDATA[Windows]]>
              </value>
            </param>
            <param index="1">
              <value>
                <![CDATA[chrome]]>
              </value>
            </param>
          </params>
          <reporter-output>
          </reporter-output>
        </test-method> <!-- setUp -->
        <test-method signature="verify_account_registration()[pri:0, instance:testCases.TC_001_AccountRegistrationTest@51fadaff]" started-at="2024-11-22T02:57:04 IST" name="verify_account_registration" finished-at="2024-11-22T02:57:08 IST" duration-ms="3655" status="PASS">
          <reporter-output>
          </reporter-output>
        </test-method> <!-- verify_account_registration -->
        <test-method is-config="true" signature="tearDown()[pri:0, instance:testCases.TC_001_AccountRegistrationTest@51fadaff]" started-at="2024-11-22T02:57:08 IST" name="tearDown" finished-at="2024-11-22T02:57:08 IST" duration-ms="285" status="PASS">
          <reporter-output>
          </reporter-output>
        </test-method> <!-- tearDown -->
      </class> <!-- testCases.TC_001_AccountRegistrationTest -->
    </test> <!-- Test -->
  </suite> <!-- Suite -->
</testng-results>
