<?xml version="1.0" encoding="UTF-8"?>
<testng-results ignored="0" total="2" passed="2" failed="0" skipped="0">
  <reporter-output>
  </reporter-output>
  <suite started-at="2024-11-22T02:31:13 IST" name="Suite" finished-at="2024-11-22T02:31:44 IST" duration-ms="30622">
    <groups>
    </groups>
    <test started-at="2024-11-22T02:31:13 IST" name="Linux-Test1" finished-at="2024-11-22T02:31:27 IST" duration-ms="13744">
      <class name="testCases.TC_001_AccountRegistrationTest">
        <test-method is-config="true" signature="setUp(java.lang.String,java.lang.String)[pri:0, instance:testCases.TC_001_AccountRegistrationTest@2a798d51]" started-at="2024-11-22T02:31:14 IST" name="setUp" finished-at="2024-11-22T02:31:23 IST" duration-ms="8672" status="PASS">
          <params>
            <param index="0">
              <value>
                <![CDATA[Linux]]>
              </value>
            </param>
            <param index="1">
              <value>
                <![CDATA[chrome]]>
              </value>
            </param>
          </params>
          <reporter-output>
          </reporter-output>
        </test-method> <!-- setUp -->
        <test-method signature="verify_account_registration()[pri:0, instance:testCases.TC_001_AccountRegistrationTest@2a798d51]" started-at="2024-11-22T02:31:23 IST" name="verify_account_registration" finished-at="2024-11-22T02:31:27 IST" duration-ms="4101" status="PASS">
          <reporter-output>
          </reporter-output>
        </test-method> <!-- verify_account_registration -->
        <test-method is-config="true" signature="tearDown()[pri:0, instance:testCases.TC_001_AccountRegistrationTest@2a798d51]" started-at="2024-11-22T02:31:27 IST" name="tearDown" finished-at="2024-11-22T02:31:27 IST" duration-ms="203" status="PASS">
          <reporter-output>
          </reporter-output>
        </test-method> <!-- tearDown -->
      </class> <!-- testCases.TC_001_AccountRegistrationTest -->
    </test> <!-- Linux-Test1 -->
    <test started-at="2024-11-22T02:31:29 IST" name="Linux-Test2" finished-at="2024-11-22T02:31:44 IST" duration-ms="15338">
      <class name="testCases.TC_001_AccountRegistrationTest">
        <test-method is-config="true" signature="setUp(java.lang.String,java.lang.String)[pri:0, instance:testCases.TC_001_AccountRegistrationTest@130d63be]" started-at="2024-11-22T02:31:29 IST" name="setUp" finished-at="2024-11-22T02:31:39 IST" duration-ms="10042" status="PASS">
          <params>
            <param index="0">
              <value>
                <![CDATA[Linux]]>
              </value>
            </param>
            <param index="1">
              <value>
                <![CDATA[firefox]]>
              </value>
            </param>
          </params>
          <reporter-output>
          </reporter-output>
        </test-method> <!-- setUp -->
        <test-method signature="verify_account_registration()[pri:0, instance:testCases.TC_001_AccountRegistrationTest@130d63be]" started-at="2024-11-22T02:31:39 IST" name="verify_account_registration" finished-at="2024-11-22T02:31:42 IST" duration-ms="3296" status="PASS">
          <reporter-output>
          </reporter-output>
        </test-method> <!-- verify_account_registration -->
        <test-method is-config="true" signature="tearDown()[pri:0, instance:testCases.TC_001_AccountRegistrationTest@130d63be]" started-at="2024-11-22T02:31:42 IST" name="tearDown" finished-at="2024-11-22T02:31:44 IST" duration-ms="1990" status="PASS">
          <reporter-output>
          </reporter-output>
        </test-method> <!-- tearDown -->
      </class> <!-- testCases.TC_001_AccountRegistrationTest -->
    </test> <!-- Linux-Test2 -->
  </suite> <!-- Suite -->
</testng-results>
